# JRE version: Java(TM) SE Runtime Environment (8.0_191-b12) (build 1.8.0_191-b12)
# Java VM: Java HotSpot(TM) 64-Bit Server VM (25.191-b12 mixed mode windows-amd64 compressed oops)
Heap:
 PSYoungGen      total 141824K, used 53123K [0x000000076b200000, 0x0000000779380000, 0x00000007c0000000)
  eden space 131072K, 32% used [0x000000076b200000,0x000000076db657f8,0x0000000773200000)
  from space 10752K, 99% used [0x0000000773200000,0x0000000773c7b588,0x0000000773c80000)
  to   space 28160K, 0% used [0x0000000777800000,0x0000000777800000,0x0000000779380000)
 ParOldGen       total 146944K, used 55075K [0x00000006c1600000, 0x00000006ca580000, 0x000000076b200000)
  object space 146944K, 37% used [0x00000006c1600000,0x00000006c4bc8cc8,0x00000006ca580000)
 Metaspace       used 26084K, capacity 26880K, committed 27136K, reserved 1073152K
  class space    used 3047K, capacity 3274K, committed 3328K, reserved 1048576K
GC Heap History (10 events):
Event: 3.523 GC heap before
{Heap before GC invocations=4 (full 0):
 PSYoungGen      total 76288K, used 76272K [0x000000076b200000, 0x0000000774700000, 0x00000007c0000000)
  eden space 65536K, 100% used [0x000000076b200000,0x000000076f200000,0x000000076f200000)
  from space 10752K, 99% used [0x000000076f200000,0x000000076fc7c030,0x000000076fc80000)
  to   space 10752K, 0% used [0x0000000773c80000,0x0000000773c80000,0x0000000774700000)
 ParOldGen       total 175104K, used 8814K [0x00000006c1600000, 0x00000006cc100000, 0x000000076b200000)
  object space 175104K, 5% used [0x00000006c1600000,0x00000006c1e9b8d8,0x00000006cc100000)
 Metaspace       used 15805K, capacity 16048K, committed 16384K, reserved 1062912K
  class space    used 1850K, capacity 1952K, committed 2048K, reserved 1048576K
Event: 3.546 GC heap after
Heap after GC invocations=4 (full 0):
 PSYoungGen      total 141824K, used 10736K [0x000000076b200000, 0x0000000774700000, 0x00000007c0000000)
  eden space 131072K, 0% used [0x000000076b200000,0x000000076b200000,0x0000000773200000)
  from space 10752K, 99% used [0x0000000773c80000,0x00000007746fc030,0x0000000774700000)
  to   space 10752K, 0% used [0x0000000773200000,0x0000000773200000,0x0000000773c80000)
 ParOldGen       total 175104K, used 14347K [0x00000006c1600000, 0x00000006cc100000, 0x000000076b200000)
  object space 175104K, 8% used [0x00000006c1600000,0x00000006c2402d08,0x00000006cc100000)
 Metaspace       used 15805K, capacity 16048K, committed 16384K, reserved 1062912K
  class space    used 1850K, capacity 1952K, committed 2048K, reserved 1048576K
}
Event: 5.937 GC heap before
{Heap before GC invocations=5 (full 0):
 PSYoungGen      total 141824K, used 124871K [0x000000076b200000, 0x0000000774700000, 0x00000007c0000000)
  eden space 131072K, 87% used [0x000000076b200000,0x0000000772175cd0,0x0000000773200000)
  from space 10752K, 99% used [0x0000000773c80000,0x00000007746fc030,0x0000000774700000)
  to   space 10752K, 0% used [0x0000000773200000,0x0000000773200000,0x0000000773c80000)
 ParOldGen       total 175104K, used 14347K [0x00000006c1600000, 0x00000006cc100000, 0x000000076b200000)
  object space 175104K, 8% used [0x00000006c1600000,0x00000006c2402d08,0x00000006cc100000)
 Metaspace       used 20644K, capacity 21176K, committed 21296K, reserved 1069056K
  class space    used 2450K, capacity 2660K, committed 2688K, reserved 1048576K
Event: 5.955 GC heap after
Heap after GC invocations=5 (full 0):
 PSYoungGen      total 141824K, used 10736K [0x000000076b200000, 0x0000000774700000, 0x00000007c0000000)
  eden space 131072K, 0% used [0x000000076b200000,0x000000076b200000,0x0000000773200000)
  from space 10752K, 99% used [0x0000000773200000,0x0000000773c7c030,0x0000000773c80000)
  to   space 10752K, 0% used [0x0000000773c80000,0x0000000773c80000,0x0000000774700000)
 ParOldGen       total 175104K, used 23631K [0x00000006c1600000, 0x00000006cc100000, 0x000000076b200000)
  object space 175104K, 13% used [0x00000006c1600000,0x00000006c2d13d20,0x00000006cc100000)
 Metaspace       used 20644K, capacity 21176K, committed 21296K, reserved 1069056K
  class space    used 2450K, capacity 2660K, committed 2688K, reserved 1048576K
}
Event: 5.955 GC heap before
{Heap before GC invocations=6 (full 1):
 PSYoungGen      total 141824K, used 10736K [0x000000076b200000, 0x0000000774700000, 0x00000007c0000000)
  eden space 131072K, 0% used [0x000000076b200000,0x000000076b200000,0x0000000773200000)
  from space 10752K, 99% used [0x0000000773200000,0x0000000773c7c030,0x0000000773c80000)
  to   space 10752K, 0% used [0x0000000773c80000,0x0000000773c80000,0x0000000774700000)
 ParOldGen       total 175104K, used 23631K [0x00000006c1600000, 0x00000006cc100000, 0x000000076b200000)
  object space 175104K, 13% used [0x00000006c1600000,0x00000006c2d13d20,0x00000006cc100000)
 Metaspace       used 20644K, capacity 21176K, committed 21296K, reserved 1069056K
  class space    used 2450K, capacity 2660K, committed 2688K, reserved 1048576K
Event: 6.092 GC heap after
Heap after GC invocations=6 (full 1):
 PSYoungGen      total 141824K, used 0K [0x000000076b200000, 0x0000000774700000, 0x00000007c0000000)
  eden space 131072K, 0% used [0x000000076b200000,0x000000076b200000,0x0000000773200000)
  from space 10752K, 0% used [0x0000000773200000,0x0000000773200000,0x0000000773c80000)
  to   space 10752K, 0% used [0x0000000773c80000,0x0000000773c80000,0x0000000774700000)
 ParOldGen       total 146944K, used 30699K [0x00000006c1600000, 0x00000006ca580000, 0x000000076b200000)
  object space 146944K, 20% used [0x00000006c1600000,0x00000006c33fac68,0x00000006ca580000)
 Metaspace       used 20644K, capacity 21176K, committed 21296K, reserved 1069056K
  class space    used 2450K, capacity 2660K, committed 2688K, reserved 1048576K
}
Event: 9.969 GC heap before
{Heap before GC invocations=7 (full 1):
 PSYoungGen      total 141824K, used 131072K [0x000000076b200000, 0x0000000774700000, 0x00000007c0000000)
  eden space 131072K, 100% used [0x000000076b200000,0x0000000773200000,0x0000000773200000)
  from space 10752K, 0% used [0x0000000773200000,0x0000000773200000,0x0000000773c80000)
  to   space 10752K, 0% used [0x0000000773c80000,0x0000000773c80000,0x0000000774700000)
 ParOldGen       total 146944K, used 30699K [0x00000006c1600000, 0x00000006ca580000, 0x000000076b200000)
  object space 146944K, 20% used [0x00000006c1600000,0x00000006c33fac68,0x00000006ca580000)
 Metaspace       used 23943K, capacity 24558K, committed 24832K, reserved 1071104K
  class space    used 2807K, capacity 2995K, committed 3072K, reserved 1048576K
Event: 9.985 GC heap after
Heap after GC invocations=7 (full 1):
 PSYoungGen      total 141824K, used 10751K [0x000000076b200000, 0x0000000774700000, 0x00000007c0000000)
  eden space 131072K, 0% used [0x000000076b200000,0x000000076b200000,0x0000000773200000)
  from space 10752K, 99% used [0x0000000773c80000,0x00000007746ffd18,0x0000000774700000)
  to   space 10752K, 0% used [0x0000000773200000,0x0000000773200000,0x0000000773c80000)
 ParOldGen       total 146944K, used 39616K [0x00000006c1600000, 0x00000006ca580000, 0x000000076b200000)
  object space 146944K, 26% used [0x00000006c1600000,0x00000006c3cb0128,0x00000006ca580000)
 Metaspace       used 23943K, capacity 24558K, committed 24832K, reserved 1071104K
  class space    used 2807K, capacity 2995K, committed 3072K, reserved 1048576K
}
Event: 12.813 GC heap before
{Heap before GC invocations=8 (full 1):
 PSYoungGen      total 141824K, used 141823K [0x000000076b200000, 0x0000000774700000, 0x00000007c0000000)
  eden space 131072K, 100% used [0x000000076b200000,0x0000000773200000,0x0000000773200000)
  from space 10752K, 99% used [0x0000000773c80000,0x00000007746ffd18,0x0000000774700000)
  to   space 10752K, 0% used [0x0000000773200000,0x0000000773200000,0x0000000773c80000)
 ParOldGen       total 146944K, used 39616K [0x00000006c1600000, 0x00000006ca580000, 0x000000076b200000)
  object space 146944K, 26% used [0x00000006c1600000,0x00000006c3cb0128,0x00000006ca580000)
 Metaspace       used 25122K, capacity 26014K, committed 26240K, reserved 1073152K
  class space    used 2927K, capacity 3176K, committed 3200K, reserved 1048576K
Event: 12.830 GC heap after
Heap after GC invocations=8 (full 1):
 PSYoungGen      total 141824K, used 10733K [0x000000076b200000, 0x0000000779380000, 0x00000007c0000000)
  eden space 131072K, 0% used [0x000000076b200000,0x000000076b200000,0x0000000773200000)
  from space 10752K, 99% used [0x0000000773200000,0x0000000773c7b588,0x0000000773c80000)
  to   space 28160K, 0% used [0x0000000777800000,0x0000000777800000,0x0000000779380000)
 ParOldGen       total 146944K, used 55075K [0x00000006c1600000, 0x00000006ca580000, 0x000000076b200000)
  object space 146944K, 37% used [0x00000006c1600000,0x00000006c4bc8cc8,0x00000006ca580000)
 Metaspace       used 25122K, capacity 26014K, committed 26240K, reserved 1073152K
  class space    used 2927K, capacity 3176K, committed 3200K, reserved 1048576K
}

