# JRE version: Java(TM) SE Runtime Environment (8.0_191-b12) (build 1.8.0_191-b12)
# Java VM: Java HotSpot(TM) 64-Bit Server VM (25.191-b12 mixed mode windows-amd64 compressed oops)
Heap:
 PSYoungGen      total 258048K, used 53558K [0x000000076b200000, 0x000000077bc00000, 0x00000007c0000000)
  eden space 243712K, 21% used [0x000000076b200000,0x000000076e64d958,0x000000077a000000)
  from space 14336K, 0% used [0x000000077a000000,0x000000077a000000,0x000000077ae00000)
  to   space 12288K, 0% used [0x000000077b000000,0x000000077b000000,0x000000077bc00000)
 ParOldGen       total 108032K, used 39029K [0x00000006c1600000, 0x00000006c7f80000, 0x000000076b200000)
  object space 108032K, 36% used [0x00000006c1600000,0x00000006c3c1d5b8,0x00000006c7f80000)
 Metaspace       used 60052K, capacity 62630K, committed 62872K, reserved 1103872K
  class space    used 8253K, capacity 8762K, committed 8880K, reserved 1048576K
GC Heap History (10 events):
Event: 9.997 GC heap before
{Heap before GC invocations=8 (full 1):
 PSYoungGen      total 256000K, used 99611K [0x000000076b200000, 0x000000077bc00000, 0x00000007c0000000)
  eden space 243712K, 35% used [0x000000076b200000,0x0000000770777bd8,0x000000077a000000)
  from space 12288K, 98% used [0x000000077b000000,0x000000077bbcf140,0x000000077bc00000)
  to   space 14336K, 0% used [0x000000077a000000,0x000000077a000000,0x000000077ae00000)
 ParOldGen       total 77824K, used 5424K [0x00000006c1600000, 0x00000006c6200000, 0x000000076b200000)
  object space 77824K, 6% used [0x00000006c1600000,0x00000006c1b4c0c0,0x00000006c6200000)
 Metaspace       used 33810K, capacity 35406K, committed 35496K, reserved 1079296K
  class space    used 4458K, capacity 4745K, committed 4784K, reserved 1048576K
Event: 10.007 GC heap after
Heap after GC invocations=8 (full 1):
 PSYoungGen      total 258048K, used 13088K [0x000000076b200000, 0x000000077bc00000, 0x00000007c0000000)
  eden space 243712K, 0% used [0x000000076b200000,0x000000076b200000,0x000000077a000000)
  from space 14336K, 91% used [0x000000077a000000,0x000000077acc8000,0x000000077ae00000)
  to   space 12288K, 0% used [0x000000077b000000,0x000000077b000000,0x000000077bc00000)
 ParOldGen       total 77824K, used 5432K [0x00000006c1600000, 0x00000006c6200000, 0x000000076b200000)
  object space 77824K, 6% used [0x00000006c1600000,0x00000006c1b4e0c0,0x00000006c6200000)
 Metaspace       used 33810K, capacity 35406K, committed 35496K, reserved 1079296K
  class space    used 4458K, capacity 4745K, committed 4784K, reserved 1048576K
}
Event: 10.007 GC heap before
{Heap before GC invocations=9 (full 2):
 PSYoungGen      total 258048K, used 13088K [0x000000076b200000, 0x000000077bc00000, 0x00000007c0000000)
  eden space 243712K, 0% used [0x000000076b200000,0x000000076b200000,0x000000077a000000)
  from space 14336K, 91% used [0x000000077a000000,0x000000077acc8000,0x000000077ae00000)
  to   space 12288K, 0% used [0x000000077b000000,0x000000077b000000,0x000000077bc00000)
 ParOldGen       total 77824K, used 5432K [0x00000006c1600000, 0x00000006c6200000, 0x000000076b200000)
  object space 77824K, 6% used [0x00000006c1600000,0x00000006c1b4e0c0,0x00000006c6200000)
 Metaspace       used 33810K, capacity 35406K, committed 35496K, reserved 1079296K
  class space    used 4458K, capacity 4745K, committed 4784K, reserved 1048576K
Event: 10.102 GC heap after
Heap after GC invocations=9 (full 2):
 PSYoungGen      total 258048K, used 0K [0x000000076b200000, 0x000000077bc00000, 0x00000007c0000000)
  eden space 243712K, 0% used [0x000000076b200000,0x000000076b200000,0x000000077a000000)
  from space 14336K, 0% used [0x000000077a000000,0x000000077a000000,0x000000077ae00000)
  to   space 12288K, 0% used [0x000000077b000000,0x000000077b000000,0x000000077bc00000)
 ParOldGen       total 108032K, used 17480K [0x00000006c1600000, 0x00000006c7f80000, 0x000000076b200000)
  object space 108032K, 16% used [0x00000006c1600000,0x00000006c2712128,0x00000006c7f80000)
 Metaspace       used 33810K, capacity 35406K, committed 35496K, reserved 1079296K
  class space    used 4458K, capacity 4745K, committed 4784K, reserved 1048576K
}
Event: 14.799 GC heap before
{Heap before GC invocations=10 (full 2):
 PSYoungGen      total 258048K, used 243712K [0x000000076b200000, 0x000000077bc00000, 0x00000007c0000000)
  eden space 243712K, 100% used [0x000000076b200000,0x000000077a000000,0x000000077a000000)
  from space 14336K, 0% used [0x000000077a000000,0x000000077a000000,0x000000077ae00000)
  to   space 12288K, 0% used [0x000000077b000000,0x000000077b000000,0x000000077bc00000)
 ParOldGen       total 108032K, used 17480K [0x00000006c1600000, 0x00000006c7f80000, 0x000000076b200000)
  object space 108032K, 16% used [0x00000006c1600000,0x00000006c2712128,0x00000006c7f80000)
 Metaspace       used 42209K, capacity 44114K, committed 44328K, reserved 1087488K
  class space    used 5458K, capacity 5850K, committed 5936K, reserved 1048576K
Event: 14.812 GC heap after
Heap after GC invocations=10 (full 2):
 PSYoungGen      total 256000K, used 12287K [0x000000076b200000, 0x000000077bc00000, 0x00000007c0000000)
  eden space 243712K, 0% used [0x000000076b200000,0x000000076b200000,0x000000077a000000)
  from space 12288K, 99% used [0x000000077b000000,0x000000077bbffd00,0x000000077bc00000)
  to   space 14336K, 0% used [0x000000077a000000,0x000000077a000000,0x000000077ae00000)
 ParOldGen       total 108032K, used 19136K [0x00000006c1600000, 0x00000006c7f80000, 0x000000076b200000)
  object space 108032K, 17% used [0x00000006c1600000,0x00000006c28b0108,0x00000006c7f80000)
 Metaspace       used 42209K, capacity 44114K, committed 44328K, reserved 1087488K
  class space    used 5458K, capacity 5850K, committed 5936K, reserved 1048576K
}
Event: 16.975 GC heap before
{Heap before GC invocations=11 (full 2):
 PSYoungGen      total 256000K, used 176744K [0x000000076b200000, 0x000000077bc00000, 0x00000007c0000000)
  eden space 243712K, 67% used [0x000000076b200000,0x000000077529a410,0x000000077a000000)
  from space 12288K, 99% used [0x000000077b000000,0x000000077bbffd00,0x000000077bc00000)
  to   space 14336K, 0% used [0x000000077a000000,0x000000077a000000,0x000000077ae00000)
 ParOldGen       total 108032K, used 19136K [0x00000006c1600000, 0x00000006c7f80000, 0x000000076b200000)
  object space 108032K, 17% used [0x00000006c1600000,0x00000006c28b0108,0x00000006c7f80000)
 Metaspace       used 56903K, capacity 58992K, committed 59160K, reserved 1099776K
  class space    used 7802K, capacity 8229K, committed 8240K, reserved 1048576K
Event: 17.000 GC heap after
Heap after GC invocations=11 (full 2):
 PSYoungGen      total 258048K, used 14335K [0x000000076b200000, 0x000000077bc00000, 0x00000007c0000000)
  eden space 243712K, 0% used [0x000000076b200000,0x000000076b200000,0x000000077a000000)
  from space 14336K, 99% used [0x000000077a000000,0x000000077adffc90,0x000000077ae00000)
  to   space 12288K, 0% used [0x000000077b000000,0x000000077b000000,0x000000077bc00000)
 ParOldGen       total 108032K, used 29481K [0x00000006c1600000, 0x00000006c7f80000, 0x000000076b200000)
  object space 108032K, 27% used [0x00000006c1600000,0x00000006c32ca568,0x00000006c7f80000)
 Metaspace       used 56903K, capacity 58992K, committed 59160K, reserved 1099776K
  class space    used 7802K, capacity 8229K, committed 8240K, reserved 1048576K
}
Event: 17.000 GC heap before
{Heap before GC invocations=12 (full 3):
 PSYoungGen      total 258048K, used 14335K [0x000000076b200000, 0x000000077bc00000, 0x00000007c0000000)
  eden space 243712K, 0% used [0x000000076b200000,0x000000076b200000,0x000000077a000000)
  from space 14336K, 99% used [0x000000077a000000,0x000000077adffc90,0x000000077ae00000)
  to   space 12288K, 0% used [0x000000077b000000,0x000000077b000000,0x000000077bc00000)
 ParOldGen       total 108032K, used 29481K [0x00000006c1600000, 0x00000006c7f80000, 0x000000076b200000)
  object space 108032K, 27% used [0x00000006c1600000,0x00000006c32ca568,0x00000006c7f80000)
 Metaspace       used 56903K, capacity 58992K, committed 59160K, reserved 1099776K
  class space    used 7802K, capacity 8229K, committed 8240K, reserved 1048576K
Event: 17.272 GC heap after
Heap after GC invocations=12 (full 3):
 PSYoungGen      total 258048K, used 0K [0x000000076b200000, 0x000000077bc00000, 0x00000007c0000000)
  eden space 243712K, 0% used [0x000000076b200000,0x000000076b200000,0x000000077a000000)
  from space 14336K, 0% used [0x000000077a000000,0x000000077a000000,0x000000077ae00000)
  to   space 12288K, 0% used [0x000000077b000000,0x000000077b000000,0x000000077bc00000)
 ParOldGen       total 108032K, used 39029K [0x00000006c1600000, 0x00000006c7f80000, 0x000000076b200000)
  object space 108032K, 36% used [0x00000006c1600000,0x00000006c3c1d5b8,0x00000006c7f80000)
 Metaspace       used 56903K, capacity 58992K, committed 59160K, reserved 1099776K
  class space    used 7802K, capacity 8229K, committed 8240K, reserved 1048576K
}

