# JRE version: Java(TM) SE Runtime Environment (8.0_191-b12) (build 1.8.0_191-b12)
# Java VM: Java HotSpot(TM) 64-Bit Server VM (25.191-b12 mixed mode windows-amd64 compressed oops)
Heap:
 PSYoungGen      total 268288K, used 125046K [0x000000076b200000, 0x000000077c600000, 0x00000007c0000000)
  eden space 253952K, 49% used [0x000000076b200000,0x0000000772c1dae8,0x000000077aa00000)
  from space 14336K, 0% used [0x000000077aa00000,0x000000077aa00000,0x000000077b800000)
  to   space 13312K, 0% used [0x000000077b900000,0x000000077b900000,0x000000077c600000)
 ParOldGen       total 92672K, used 38366K [0x00000006c1600000, 0x00000006c7080000, 0x000000076b200000)
  object space 92672K, 41% used [0x00000006c1600000,0x00000006c3b77a00,0x00000006c7080000)
 Metaspace       used 63050K, capacity 66072K, committed 66304K, reserved 1105920K
  class space    used 8690K, capacity 9215K, committed 9216K, reserved 1048576K
GC Heap History (10 events):
Event: 8.630 GC heap before
{Heap before GC invocations=8 (full 1):
 PSYoungGen      total 267264K, used 99493K [0x000000076b200000, 0x000000077c600000, 0x00000007c0000000)
  eden space 253952K, 34% used [0x000000076b200000,0x0000000770775178,0x000000077aa00000)
  from space 13312K, 90% used [0x000000077b900000,0x000000077c4b44c0,0x000000077c600000)
  to   space 14336K, 0% used [0x000000077aa00000,0x000000077aa00000,0x000000077b800000)
 ParOldGen       total 78848K, used 9837K [0x00000006c1600000, 0x00000006c6300000, 0x000000076b200000)
  object space 78848K, 12% used [0x00000006c1600000,0x00000006c1f9b560,0x00000006c6300000)
 Metaspace       used 33735K, capacity 35338K, committed 35496K, reserved 1079296K
  class space    used 4453K, capacity 4745K, committed 4864K, reserved 1048576K
Event: 8.640 GC heap after
Heap after GC invocations=8 (full 1):
 PSYoungGen      total 268288K, used 13096K [0x000000076b200000, 0x000000077c600000, 0x00000007c0000000)
  eden space 253952K, 0% used [0x000000076b200000,0x000000076b200000,0x000000077aa00000)
  from space 14336K, 91% used [0x000000077aa00000,0x000000077b6ca270,0x000000077b800000)
  to   space 13312K, 0% used [0x000000077b900000,0x000000077b900000,0x000000077c600000)
 ParOldGen       total 78848K, used 9845K [0x00000006c1600000, 0x00000006c6300000, 0x000000076b200000)
  object space 78848K, 12% used [0x00000006c1600000,0x00000006c1f9d560,0x00000006c6300000)
 Metaspace       used 33735K, capacity 35338K, committed 35496K, reserved 1079296K
  class space    used 4453K, capacity 4745K, committed 4864K, reserved 1048576K
}
Event: 8.640 GC heap before
{Heap before GC invocations=9 (full 2):
 PSYoungGen      total 268288K, used 13096K [0x000000076b200000, 0x000000077c600000, 0x00000007c0000000)
  eden space 253952K, 0% used [0x000000076b200000,0x000000076b200000,0x000000077aa00000)
  from space 14336K, 91% used [0x000000077aa00000,0x000000077b6ca270,0x000000077b800000)
  to   space 13312K, 0% used [0x000000077b900000,0x000000077b900000,0x000000077c600000)
 ParOldGen       total 78848K, used 9845K [0x00000006c1600000, 0x00000006c6300000, 0x000000076b200000)
  object space 78848K, 12% used [0x00000006c1600000,0x00000006c1f9d560,0x00000006c6300000)
 Metaspace       used 33735K, capacity 35338K, committed 35496K, reserved 1079296K
  class space    used 4453K, capacity 4745K, committed 4864K, reserved 1048576K
Event: 8.699 GC heap after
Heap after GC invocations=9 (full 2):
 PSYoungGen      total 268288K, used 0K [0x000000076b200000, 0x000000077c600000, 0x00000007c0000000)
  eden space 253952K, 0% used [0x000000076b200000,0x000000076b200000,0x000000077aa00000)
  from space 14336K, 0% used [0x000000077aa00000,0x000000077aa00000,0x000000077b800000)
  to   space 13312K, 0% used [0x000000077b900000,0x000000077b900000,0x000000077c600000)
 ParOldGen       total 92672K, used 17658K [0x00000006c1600000, 0x00000006c7080000, 0x000000076b200000)
  object space 92672K, 19% used [0x00000006c1600000,0x00000006c273e848,0x00000006c7080000)
 Metaspace       used 33735K, capacity 35338K, committed 35496K, reserved 1079296K
  class space    used 4453K, capacity 4745K, committed 4864K, reserved 1048576K
}
Event: 12.664 GC heap before
{Heap before GC invocations=10 (full 2):
 PSYoungGen      total 268288K, used 253952K [0x000000076b200000, 0x000000077c600000, 0x00000007c0000000)
  eden space 253952K, 100% used [0x000000076b200000,0x000000077aa00000,0x000000077aa00000)
  from space 14336K, 0% used [0x000000077aa00000,0x000000077aa00000,0x000000077b800000)
  to   space 13312K, 0% used [0x000000077b900000,0x000000077b900000,0x000000077c600000)
 ParOldGen       total 92672K, used 17658K [0x00000006c1600000, 0x00000006c7080000, 0x000000076b200000)
  object space 92672K, 19% used [0x00000006c1600000,0x00000006c273e848,0x00000006c7080000)
 Metaspace       used 43236K, capacity 45198K, committed 45440K, reserved 1089536K
  class space    used 5562K, capacity 5952K, committed 6016K, reserved 1048576K
Event: 12.677 GC heap after
Heap after GC invocations=10 (full 2):
 PSYoungGen      total 267264K, used 13305K [0x000000076b200000, 0x000000077c600000, 0x00000007c0000000)
  eden space 253952K, 0% used [0x000000076b200000,0x000000076b200000,0x000000077aa00000)
  from space 13312K, 99% used [0x000000077b900000,0x000000077c5fe7f0,0x000000077c600000)
  to   space 14336K, 0% used [0x000000077aa00000,0x000000077aa00000,0x000000077b800000)
 ParOldGen       total 92672K, used 19325K [0x00000006c1600000, 0x00000006c7080000, 0x000000076b200000)
  object space 92672K, 20% used [0x00000006c1600000,0x00000006c28df668,0x00000006c7080000)
 Metaspace       used 43236K, capacity 45198K, committed 45440K, reserved 1089536K
  class space    used 5562K, capacity 5952K, committed 6016K, reserved 1048576K
}
Event: 14.306 GC heap before
{Heap before GC invocations=11 (full 2):
 PSYoungGen      total 267264K, used 167017K [0x000000076b200000, 0x000000077c600000, 0x00000007c0000000)
  eden space 253952K, 60% used [0x000000076b200000,0x000000077481bd20,0x000000077aa00000)
  from space 13312K, 99% used [0x000000077b900000,0x000000077c5fe7f0,0x000000077c600000)
  to   space 14336K, 0% used [0x000000077aa00000,0x000000077aa00000,0x000000077b800000)
 ParOldGen       total 92672K, used 19325K [0x00000006c1600000, 0x00000006c7080000, 0x000000076b200000)
  object space 92672K, 20% used [0x00000006c1600000,0x00000006c28df668,0x00000006c7080000)
 Metaspace       used 56841K, capacity 58928K, committed 59160K, reserved 1099776K
  class space    used 7800K, capacity 8229K, committed 8320K, reserved 1048576K
Event: 14.325 GC heap after
Heap after GC invocations=11 (full 2):
 PSYoungGen      total 268288K, used 14306K [0x000000076b200000, 0x000000077c600000, 0x00000007c0000000)
  eden space 253952K, 0% used [0x000000076b200000,0x000000076b200000,0x000000077aa00000)
  from space 14336K, 99% used [0x000000077aa00000,0x000000077b7f8988,0x000000077b800000)
  to   space 13312K, 0% used [0x000000077b900000,0x000000077b900000,0x000000077c600000)
 ParOldGen       total 92672K, used 28991K [0x00000006c1600000, 0x00000006c7080000, 0x000000076b200000)
  object space 92672K, 31% used [0x00000006c1600000,0x00000006c324fdf8,0x00000006c7080000)
 Metaspace       used 56841K, capacity 58928K, committed 59160K, reserved 1099776K
  class space    used 7800K, capacity 8229K, committed 8320K, reserved 1048576K
}
Event: 14.325 GC heap before
{Heap before GC invocations=12 (full 3):
 PSYoungGen      total 268288K, used 14306K [0x000000076b200000, 0x000000077c600000, 0x00000007c0000000)
  eden space 253952K, 0% used [0x000000076b200000,0x000000076b200000,0x000000077aa00000)
  from space 14336K, 99% used [0x000000077aa00000,0x000000077b7f8988,0x000000077b800000)
  to   space 13312K, 0% used [0x000000077b900000,0x000000077b900000,0x000000077c600000)
 ParOldGen       total 92672K, used 28991K [0x00000006c1600000, 0x00000006c7080000, 0x000000076b200000)
  object space 92672K, 31% used [0x00000006c1600000,0x00000006c324fdf8,0x00000006c7080000)
 Metaspace       used 56841K, capacity 58928K, committed 59160K, reserved 1099776K
  class space    used 7800K, capacity 8229K, committed 8320K, reserved 1048576K
Event: 14.587 GC heap after
Heap after GC invocations=12 (full 3):
 PSYoungGen      total 268288K, used 0K [0x000000076b200000, 0x000000077c600000, 0x00000007c0000000)
  eden space 253952K, 0% used [0x000000076b200000,0x000000076b200000,0x000000077aa00000)
  from space 14336K, 0% used [0x000000077aa00000,0x000000077aa00000,0x000000077b800000)
  to   space 13312K, 0% used [0x000000077b900000,0x000000077b900000,0x000000077c600000)
 ParOldGen       total 92672K, used 38366K [0x00000006c1600000, 0x00000006c7080000, 0x000000076b200000)
  object space 92672K, 41% used [0x00000006c1600000,0x00000006c3b77a00,0x00000006c7080000)
 Metaspace       used 56841K, capacity 58928K, committed 59160K, reserved 1099776K
  class space    used 7800K, capacity 8229K, committed 8320K, reserved 1048576K
}

