# JRE version: Java(TM) SE Runtime Environment (8.0_191-b12) (build 1.8.0_191-b12)
# Java VM: Java HotSpot(TM) 64-Bit Server VM (25.191-b12 mixed mode windows-amd64 compressed oops)
Heap:
 PSYoungGen      total 265728K, used 159861K [0x000000076b200000, 0x000000077c380000, 0x00000007c0000000)
  eden space 251392K, 63% used [0x000000076b200000,0x0000000774e1d660,0x000000077a780000)
  from space 14336K, 0% used [0x000000077a780000,0x000000077a780000,0x000000077b580000)
  to   space 12800K, 0% used [0x000000077b600000,0x000000077b600000,0x000000077c280000)
 ParOldGen       total 98304K, used 38584K [0x00000006c1600000, 0x00000006c7600000, 0x000000076b200000)
  object space 98304K, 39% used [0x00000006c1600000,0x00000006c3bae2d0,0x00000006c7600000)
 Metaspace       used 64617K, capacity 67718K, committed 67864K, reserved 1107968K
  class space    used 8897K, capacity 9428K, committed 9512K, reserved 1048576K
GC Heap History (10 events):
Event: 8.269 GC heap before
{Heap before GC invocations=8 (full 1):
 PSYoungGen      total 264192K, used 101445K [0x000000076b200000, 0x000000077c380000, 0x00000007c0000000)
  eden space 251392K, 35% used [0x000000076b200000,0x0000000770938968,0x000000077a780000)
  from space 12800K, 94% used [0x000000077b600000,0x000000077c1d8dd0,0x000000077c280000)
  to   space 14336K, 0% used [0x000000077a780000,0x000000077a780000,0x000000077b580000)
 ParOldGen       total 75264K, used 5328K [0x00000006c1600000, 0x00000006c5f80000, 0x000000076b200000)
  object space 75264K, 7% used [0x00000006c1600000,0x00000006c1b340c0,0x00000006c5f80000)
 Metaspace       used 33821K, capacity 35414K, committed 35496K, reserved 1079296K
  class space    used 4459K, capacity 4745K, committed 4776K, reserved 1048576K
Event: 8.278 GC heap after
Heap after GC invocations=8 (full 1):
 PSYoungGen      total 265728K, used 13110K [0x000000076b200000, 0x000000077c380000, 0x00000007c0000000)
  eden space 251392K, 0% used [0x000000076b200000,0x000000076b200000,0x000000077a780000)
  from space 14336K, 91% used [0x000000077a780000,0x000000077b44dab8,0x000000077b580000)
  to   space 12800K, 0% used [0x000000077b600000,0x000000077b600000,0x000000077c280000)
 ParOldGen       total 75264K, used 5336K [0x00000006c1600000, 0x00000006c5f80000, 0x000000076b200000)
  object space 75264K, 7% used [0x00000006c1600000,0x00000006c1b360c0,0x00000006c5f80000)
 Metaspace       used 33821K, capacity 35414K, committed 35496K, reserved 1079296K
  class space    used 4459K, capacity 4745K, committed 4776K, reserved 1048576K
}
Event: 8.278 GC heap before
{Heap before GC invocations=9 (full 2):
 PSYoungGen      total 265728K, used 13110K [0x000000076b200000, 0x000000077c380000, 0x00000007c0000000)
  eden space 251392K, 0% used [0x000000076b200000,0x000000076b200000,0x000000077a780000)
  from space 14336K, 91% used [0x000000077a780000,0x000000077b44dab8,0x000000077b580000)
  to   space 12800K, 0% used [0x000000077b600000,0x000000077b600000,0x000000077c280000)
 ParOldGen       total 75264K, used 5336K [0x00000006c1600000, 0x00000006c5f80000, 0x000000076b200000)
  object space 75264K, 7% used [0x00000006c1600000,0x00000006c1b360c0,0x00000006c5f80000)
 Metaspace       used 33821K, capacity 35414K, committed 35496K, reserved 1079296K
  class space    used 4459K, capacity 4745K, committed 4776K, reserved 1048576K
Event: 8.353 GC heap after
Heap after GC invocations=9 (full 2):
 PSYoungGen      total 265728K, used 0K [0x000000076b200000, 0x000000077c380000, 0x00000007c0000000)
  eden space 251392K, 0% used [0x000000076b200000,0x000000076b200000,0x000000077a780000)
  from space 14336K, 0% used [0x000000077a780000,0x000000077a780000,0x000000077b580000)
  to   space 12800K, 0% used [0x000000077b600000,0x000000077b600000,0x000000077c280000)
 ParOldGen       total 98304K, used 17503K [0x00000006c1600000, 0x00000006c7600000, 0x000000076b200000)
  object space 98304K, 17% used [0x00000006c1600000,0x00000006c2717f20,0x00000006c7600000)
 Metaspace       used 33821K, capacity 35414K, committed 35496K, reserved 1079296K
  class space    used 4459K, capacity 4745K, committed 4776K, reserved 1048576K
}
Event: 12.555 GC heap before
{Heap before GC invocations=10 (full 2):
 PSYoungGen      total 265728K, used 251392K [0x000000076b200000, 0x000000077c380000, 0x00000007c0000000)
  eden space 251392K, 100% used [0x000000076b200000,0x000000077a780000,0x000000077a780000)
  from space 14336K, 0% used [0x000000077a780000,0x000000077a780000,0x000000077b580000)
  to   space 12800K, 0% used [0x000000077b600000,0x000000077b600000,0x000000077c280000)
 ParOldGen       total 98304K, used 17503K [0x00000006c1600000, 0x00000006c7600000, 0x000000076b200000)
  object space 98304K, 17% used [0x00000006c1600000,0x00000006c2717f20,0x00000006c7600000)
 Metaspace       used 43030K, capacity 45018K, committed 45224K, reserved 1089536K
  class space    used 5542K, capacity 5952K, committed 6056K, reserved 1048576K
Event: 12.570 GC heap after
Heap after GC invocations=10 (full 2):
 PSYoungGen      total 264192K, used 12790K [0x000000076b200000, 0x000000077c380000, 0x00000007c0000000)
  eden space 251392K, 0% used [0x000000076b200000,0x000000076b200000,0x000000077a780000)
  from space 12800K, 99% used [0x000000077b600000,0x000000077c27db88,0x000000077c280000)
  to   space 14336K, 0% used [0x000000077a780000,0x000000077a780000,0x000000077b580000)
 ParOldGen       total 98304K, used 19572K [0x00000006c1600000, 0x00000006c7600000, 0x000000076b200000)
  object space 98304K, 19% used [0x00000006c1600000,0x00000006c291d1f8,0x00000006c7600000)
 Metaspace       used 43030K, capacity 45018K, committed 45224K, reserved 1089536K
  class space    used 5542K, capacity 5952K, committed 6056K, reserved 1048576K
}
Event: 14.672 GC heap before
{Heap before GC invocations=11 (full 2):
 PSYoungGen      total 264192K, used 171366K [0x000000076b200000, 0x000000077c380000, 0x00000007c0000000)
  eden space 251392K, 63% used [0x000000076b200000,0x0000000774cdbe60,0x000000077a780000)
  from space 12800K, 99% used [0x000000077b600000,0x000000077c27db88,0x000000077c280000)
  to   space 14336K, 0% used [0x000000077a780000,0x000000077a780000,0x000000077b580000)
 ParOldGen       total 98304K, used 19572K [0x00000006c1600000, 0x00000006c7600000, 0x000000076b200000)
  object space 98304K, 19% used [0x00000006c1600000,0x00000006c291d1f8,0x00000006c7600000)
 Metaspace       used 56896K, capacity 58992K, committed 59160K, reserved 1099776K
  class space    used 7801K, capacity 8229K, committed 8232K, reserved 1048576K
Event: 14.696 GC heap after
Heap after GC invocations=11 (full 2):
 PSYoungGen      total 265728K, used 14316K [0x000000076b200000, 0x000000077c380000, 0x00000007c0000000)
  eden space 251392K, 0% used [0x000000076b200000,0x000000076b200000,0x000000077a780000)
  from space 14336K, 99% used [0x000000077a780000,0x000000077b57b3f0,0x000000077b580000)
  to   space 12800K, 0% used [0x000000077b600000,0x000000077b600000,0x000000077c280000)
 ParOldGen       total 98304K, used 29487K [0x00000006c1600000, 0x00000006c7600000, 0x000000076b200000)
  object space 98304K, 29% used [0x00000006c1600000,0x00000006c32cbf08,0x00000006c7600000)
 Metaspace       used 56896K, capacity 58992K, committed 59160K, reserved 1099776K
  class space    used 7801K, capacity 8229K, committed 8232K, reserved 1048576K
}
Event: 14.696 GC heap before
{Heap before GC invocations=12 (full 3):
 PSYoungGen      total 265728K, used 14316K [0x000000076b200000, 0x000000077c380000, 0x00000007c0000000)
  eden space 251392K, 0% used [0x000000076b200000,0x000000076b200000,0x000000077a780000)
  from space 14336K, 99% used [0x000000077a780000,0x000000077b57b3f0,0x000000077b580000)
  to   space 12800K, 0% used [0x000000077b600000,0x000000077b600000,0x000000077c280000)
 ParOldGen       total 98304K, used 29487K [0x00000006c1600000, 0x00000006c7600000, 0x000000076b200000)
  object space 98304K, 29% used [0x00000006c1600000,0x00000006c32cbf08,0x00000006c7600000)
 Metaspace       used 56896K, capacity 58992K, committed 59160K, reserved 1099776K
  class space    used 7801K, capacity 8229K, committed 8232K, reserved 1048576K
Event: 14.922 GC heap after
Heap after GC invocations=12 (full 3):
 PSYoungGen      total 265728K, used 0K [0x000000076b200000, 0x000000077c380000, 0x00000007c0000000)
  eden space 251392K, 0% used [0x000000076b200000,0x000000076b200000,0x000000077a780000)
  from space 14336K, 0% used [0x000000077a780000,0x000000077a780000,0x000000077b580000)
  to   space 12800K, 0% used [0x000000077b600000,0x000000077b600000,0x000000077c280000)
 ParOldGen       total 98304K, used 38584K [0x00000006c1600000, 0x00000006c7600000, 0x000000076b200000)
  object space 98304K, 39% used [0x00000006c1600000,0x00000006c3bae2d0,0x00000006c7600000)
 Metaspace       used 56896K, capacity 58992K, committed 59160K, reserved 1099776K
  class space    used 7801K, capacity 8229K, committed 8232K, reserved 1048576K
}

