# JRE version: Java(TM) SE Runtime Environment (8.0_191-b12) (build 1.8.0_191-b12)
# Java VM: Java HotSpot(TM) 64-Bit Server VM (25.191-b12 mixed mode windows-amd64 compressed oops)
Heap:
 PSYoungGen      total 141824K, used 55026K [0x000000076b200000, 0x0000000779d00000, 0x00000007c0000000)
  eden space 131072K, 33% used [0x000000076b200000,0x000000076dd43a08,0x0000000773200000)
  from space 10752K, 99% used [0x0000000773200000,0x0000000773c78fc0,0x0000000773c80000)
  to   space 28160K, 0% used [0x0000000778180000,0x0000000778180000,0x0000000779d00000)
 ParOldGen       total 140800K, used 54766K [0x00000006c1600000, 0x00000006c9f80000, 0x000000076b200000)
  object space 140800K, 38% used [0x00000006c1600000,0x00000006c4b7b9d8,0x00000006c9f80000)
 Metaspace       used 26105K, capacity 26880K, committed 27136K, reserved 1073152K
  class space    used 3047K, capacity 3274K, committed 3328K, reserved 1048576K
GC Heap History (10 events):
Event: 3.531 GC heap before
{Heap before GC invocations=4 (full 0):
 PSYoungGen      total 76288K, used 76256K [0x000000076b200000, 0x0000000774700000, 0x00000007c0000000)
  eden space 65536K, 100% used [0x000000076b200000,0x000000076f200000,0x000000076f200000)
  from space 10752K, 99% used [0x000000076f200000,0x000000076fc78040,0x000000076fc80000)
  to   space 10752K, 0% used [0x0000000773c80000,0x0000000773c80000,0x0000000774700000)
 ParOldGen       total 175104K, used 8658K [0x00000006c1600000, 0x00000006cc100000, 0x000000076b200000)
  object space 175104K, 4% used [0x00000006c1600000,0x00000006c1e74b90,0x00000006cc100000)
 Metaspace       used 15838K, capacity 16112K, committed 16384K, reserved 1062912K
  class space    used 1850K, capacity 1952K, committed 2048K, reserved 1048576K
Event: 3.556 GC heap after
Heap after GC invocations=4 (full 0):
 PSYoungGen      total 141824K, used 10736K [0x000000076b200000, 0x0000000774700000, 0x00000007c0000000)
  eden space 131072K, 0% used [0x000000076b200000,0x000000076b200000,0x0000000773200000)
  from space 10752K, 99% used [0x0000000773c80000,0x00000007746fc030,0x0000000774700000)
  to   space 10752K, 0% used [0x0000000773200000,0x0000000773200000,0x0000000773c80000)
 ParOldGen       total 175104K, used 14367K [0x00000006c1600000, 0x00000006cc100000, 0x000000076b200000)
  object space 175104K, 8% used [0x00000006c1600000,0x00000006c2407fe0,0x00000006cc100000)
 Metaspace       used 15838K, capacity 16112K, committed 16384K, reserved 1062912K
  class space    used 1850K, capacity 1952K, committed 2048K, reserved 1048576K
}
Event: 5.597 GC heap before
{Heap before GC invocations=5 (full 0):
 PSYoungGen      total 141824K, used 117993K [0x000000076b200000, 0x0000000774700000, 0x00000007c0000000)
  eden space 131072K, 81% used [0x000000076b200000,0x0000000771abe6f0,0x0000000773200000)
  from space 10752K, 99% used [0x0000000773c80000,0x00000007746fc030,0x0000000774700000)
  to   space 10752K, 0% used [0x0000000773200000,0x0000000773200000,0x0000000773c80000)
 ParOldGen       total 175104K, used 14367K [0x00000006c1600000, 0x00000006cc100000, 0x000000076b200000)
  object space 175104K, 8% used [0x00000006c1600000,0x00000006c2407fe0,0x00000006cc100000)
 Metaspace       used 20600K, capacity 21144K, committed 21296K, reserved 1069056K
  class space    used 2438K, capacity 2628K, committed 2688K, reserved 1048576K
Event: 5.616 GC heap after
Heap after GC invocations=5 (full 0):
 PSYoungGen      total 141824K, used 10736K [0x000000076b200000, 0x0000000774700000, 0x00000007c0000000)
  eden space 131072K, 0% used [0x000000076b200000,0x000000076b200000,0x0000000773200000)
  from space 10752K, 99% used [0x0000000773200000,0x0000000773c7c010,0x0000000773c80000)
  to   space 10752K, 0% used [0x0000000773c80000,0x0000000773c80000,0x0000000774700000)
 ParOldGen       total 175104K, used 23042K [0x00000006c1600000, 0x00000006cc100000, 0x000000076b200000)
  object space 175104K, 13% used [0x00000006c1600000,0x00000006c2c808e8,0x00000006cc100000)
 Metaspace       used 20600K, capacity 21144K, committed 21296K, reserved 1069056K
  class space    used 2438K, capacity 2628K, committed 2688K, reserved 1048576K
}
Event: 5.616 GC heap before
{Heap before GC invocations=6 (full 1):
 PSYoungGen      total 141824K, used 10736K [0x000000076b200000, 0x0000000774700000, 0x00000007c0000000)
  eden space 131072K, 0% used [0x000000076b200000,0x000000076b200000,0x0000000773200000)
  from space 10752K, 99% used [0x0000000773200000,0x0000000773c7c010,0x0000000773c80000)
  to   space 10752K, 0% used [0x0000000773c80000,0x0000000773c80000,0x0000000774700000)
 ParOldGen       total 175104K, used 23042K [0x00000006c1600000, 0x00000006cc100000, 0x000000076b200000)
  object space 175104K, 13% used [0x00000006c1600000,0x00000006c2c808e8,0x00000006cc100000)
 Metaspace       used 20600K, capacity 21144K, committed 21296K, reserved 1069056K
  class space    used 2438K, capacity 2628K, committed 2688K, reserved 1048576K
Event: 5.721 GC heap after
Heap after GC invocations=6 (full 1):
 PSYoungGen      total 141824K, used 0K [0x000000076b200000, 0x0000000774700000, 0x00000007c0000000)
  eden space 131072K, 0% used [0x000000076b200000,0x000000076b200000,0x0000000773200000)
  from space 10752K, 0% used [0x0000000773200000,0x0000000773200000,0x0000000773c80000)
  to   space 10752K, 0% used [0x0000000773c80000,0x0000000773c80000,0x0000000774700000)
 ParOldGen       total 140800K, used 30256K [0x00000006c1600000, 0x00000006c9f80000, 0x000000076b200000)
  object space 140800K, 21% used [0x00000006c1600000,0x00000006c338c208,0x00000006c9f80000)
 Metaspace       used 20600K, capacity 21144K, committed 21296K, reserved 1069056K
  class space    used 2438K, capacity 2628K, committed 2688K, reserved 1048576K
}
Event: 8.193 GC heap before
{Heap before GC invocations=7 (full 1):
 PSYoungGen      total 141824K, used 131072K [0x000000076b200000, 0x0000000774700000, 0x00000007c0000000)
  eden space 131072K, 100% used [0x000000076b200000,0x0000000773200000,0x0000000773200000)
  from space 10752K, 0% used [0x0000000773200000,0x0000000773200000,0x0000000773c80000)
  to   space 10752K, 0% used [0x0000000773c80000,0x0000000773c80000,0x0000000774700000)
 ParOldGen       total 140800K, used 30256K [0x00000006c1600000, 0x00000006c9f80000, 0x000000076b200000)
  object space 140800K, 21% used [0x00000006c1600000,0x00000006c338c208,0x00000006c9f80000)
 Metaspace       used 23971K, capacity 24610K, committed 24832K, reserved 1071104K
  class space    used 2806K, capacity 2993K, committed 3072K, reserved 1048576K
Event: 8.208 GC heap after
Heap after GC invocations=7 (full 1):
 PSYoungGen      total 141824K, used 10722K [0x000000076b200000, 0x0000000774700000, 0x00000007c0000000)
  eden space 131072K, 0% used [0x000000076b200000,0x000000076b200000,0x0000000773200000)
  from space 10752K, 99% used [0x0000000773c80000,0x00000007746f8bb8,0x0000000774700000)
  to   space 10752K, 0% used [0x0000000773200000,0x0000000773200000,0x0000000773c80000)
 ParOldGen       total 140800K, used 39199K [0x00000006c1600000, 0x00000006c9f80000, 0x000000076b200000)
  object space 140800K, 27% used [0x00000006c1600000,0x00000006c3c47e98,0x00000006c9f80000)
 Metaspace       used 23971K, capacity 24610K, committed 24832K, reserved 1071104K
  class space    used 2806K, capacity 2993K, committed 3072K, reserved 1048576K
}
Event: 10.761 GC heap before
{Heap before GC invocations=8 (full 1):
 PSYoungGen      total 141824K, used 141794K [0x000000076b200000, 0x0000000774700000, 0x00000007c0000000)
  eden space 131072K, 100% used [0x000000076b200000,0x0000000773200000,0x0000000773200000)
  from space 10752K, 99% used [0x0000000773c80000,0x00000007746f8bb8,0x0000000774700000)
  to   space 10752K, 0% used [0x0000000773200000,0x0000000773200000,0x0000000773c80000)
 ParOldGen       total 140800K, used 39199K [0x00000006c1600000, 0x00000006c9f80000, 0x000000076b200000)
  object space 140800K, 27% used [0x00000006c1600000,0x00000006c3c47e98,0x00000006c9f80000)
 Metaspace       used 25145K, capacity 26014K, committed 26240K, reserved 1073152K
  class space    used 2927K, capacity 3176K, committed 3200K, reserved 1048576K
Event: 10.777 GC heap after
Heap after GC invocations=8 (full 1):
 PSYoungGen      total 141824K, used 10723K [0x000000076b200000, 0x0000000779d00000, 0x00000007c0000000)
  eden space 131072K, 0% used [0x000000076b200000,0x000000076b200000,0x0000000773200000)
  from space 10752K, 99% used [0x0000000773200000,0x0000000773c78fc0,0x0000000773c80000)
  to   space 28160K, 0% used [0x0000000778180000,0x0000000778180000,0x0000000779d00000)
 ParOldGen       total 140800K, used 54766K [0x00000006c1600000, 0x00000006c9f80000, 0x000000076b200000)
  object space 140800K, 38% used [0x00000006c1600000,0x00000006c4b7b9d8,0x00000006c9f80000)
 Metaspace       used 25145K, capacity 26014K, committed 26240K, reserved 1073152K
  class space    used 2927K, capacity 3176K, committed 3200K, reserved 1048576K
}

